TESTES DE PERFORMANCE - SÉRIE DE LEIBNIZ
=============================================
Threads  | Tempo(s)   | Speedup  | Efic.(%)   | Pi      
---------+------------+----------+------------+---------

=== TESTE COM 2 THREADS ===
Calculando série de Leibniz com 2 threads...
Número de termos: 2000000000
Termos por thread: 1000000000

TID: 138837363050240: 5.16 s
TID: 138837354657536: 5.17 s

=== RESULTADOS ===
Valor de π calculado: 3.141592653
Valor real de π:      3.141592654
Total Processo (Paralelo): 5.17 s
Total Threads: 10.33 s
Speedup: 2.00x
Eficiência: 99.95%
----------------------------------------

=== TESTE COM 4 THREADS ===
Calculando série de Leibniz com 4 threads...
Número de termos: 2000000000
Termos por thread: 500000000

TID: 128940234667776: 5.53 s
TID: 128940209489664: 5.53 s
TID: 128940226275072: 5.59 s
TID: 128940217882368: 5.60 s

=== RESULTADOS ===
Valor de π calculado: 3.141592653
Valor real de π:      3.141592654
Total Processo (Paralelo): 5.60 s
Total Threads: 22.25 s
Speedup: 3.98x
Eficiência: 99.38%
----------------------------------------

=== TESTE COM 8 THREADS ===
Calculando série de Leibniz com 8 threads...
Número de termos: 2000000000
Termos por thread: 250000000

TID: 134507600213760: 7.32 s
TID: 134507633784576: 7.41 s
TID: 134507608606464: 7.44 s
TID: 134507625391872: 7.46 s
TID: 134507616999168: 7.49 s
TID: 134507575035648: 7.47 s
TID: 134507591821056: 7.52 s
TID: 134507583428352: 7.53 s

=== RESULTADOS ===
Valor de π calculado: 3.141592653
Valor real de π:      3.141592654
Total Processo (Paralelo): 7.53 s
Total Threads: 59.64 s
Speedup: 7.92x
Eficiência: 98.98%
----------------------------------------

=== TESTE COM 16 THREADS ===
Calculando série de Leibniz com 16 threads...
Número de termos: 2000000000
Termos por thread: 125000000

TID: 126188512298752: 7.20 s
TID: 126188571047680: 7.41 s
TID: 126188613011200: 7.68 s
TID: 126188587833088: 7.94 s
TID: 126188596225792: 7.97 s
TID: 126188579440384: 7.93 s
TID: 126188503906048: 8.18 s
TID: 126188495513344: 8.79 s
TID: 126188621403904: 8.84 s
TID: 126188520691456: 8.84 s
TID: 126188529084160: 9.11 s
TID: 126188562654976: 9.50 s
TID: 126188545869568: 9.50 s
TID: 126188554262272: 9.50 s
TID: 126188604618496: 9.54 s
TID: 126188537476864: 9.51 s

=== RESULTADOS ===
Valor de π calculado: 3.141592653
Valor real de π:      3.141592654
Total Processo (Paralelo): 9.56 s
Total Threads: 137.44 s
Speedup: 14.37x
Eficiência: 89.83%
----------------------------------------

=== TESTE COM 32 THREADS ===
Calculando série de Leibniz com 32 threads...
Número de termos: 2000000000
Termos por thread: 62500000

TID: 126314832262912: 5.86 s
TID: 126315058865920: 6.60 s
TID: 126314865833728: 7.02 s
TID: 126314916189952: 7.03 s
TID: 126314891011840: 7.05 s
TID: 126314941368064: 7.16 s
TID: 126315033687808: 7.27 s
TID: 126315025295104: 7.34 s
TID: 126314874226432: 7.19 s
TID: 126314857441024: 7.20 s
TID: 126314807084800: 7.34 s
TID: 126314899404544: 7.34 s
TID: 126315042080512: 7.37 s
TID: 126314907797248: 7.36 s
TID: 126315067258624: 7.50 s
TID: 126314949760768: 7.46 s
TID: 126314924582656: 7.54 s
TID: 126314840655616: 7.49 s
TID: 126315016902400: 7.51 s
TID: 126315050473216: 7.61 s
TID: 126314983331584: 7.50 s
TID: 126314882619136: 7.52 s
TID: 126314958153472: 7.60 s
TID: 126314966546176: 7.61 s
TID: 126314823870208: 7.59 s
TID: 126315008509696: 7.71 s
TID: 126314932975360: 7.64 s
TID: 126314815477504: 7.51 s
TID: 126314849048320: 7.56 s
TID: 126314991724288: 7.69 s
TID: 126314974938880: 7.64 s
TID: 126315000116992: 7.70 s

=== RESULTADOS ===
Valor de π calculado: 3.141592653
Valor real de π:      3.141592654
Total Processo (Paralelo): 7.76 s
Total Threads: 235.51 s
Speedup: 30.35x
Eficiência: 94.85%
----------------------------------------

=== TESTE COM 64 THREADS ===
Calculando série de Leibniz com 64 threads...
Número de termos: 2000000000
Termos por thread: 31250000

TID: 124452250371840: 6.23 s
TID: 124452325906176: 6.51 s
TID: 124452351084288: 6.62 s
TID: 124452292335360: 6.68 s
TID: 124452241979136: 6.73 s
TID: 124452015376128: 6.52 s
TID: 124452267157248: 6.83 s
TID: 124452090910464: 6.59 s
TID: 124452342691584: 7.12 s
TID: 124452275549952: 7.08 s
TID: 124451948234496: 6.84 s
TID: 124452283942656: 7.31 s
TID: 124452300728064: 7.31 s
TID: 124451881092864: 6.84 s
TID: 124452334298880: 7.43 s
TID: 124452183230208: 7.28 s
TID: 124452216801024: 7.03 s
TID: 124452158052096: 7.32 s
TID: 124452233586432: 7.29 s
TID: 124452258764544: 7.53 s
TID: 124452074125056: 7.32 s
TID: 124452317513472: 7.55 s
TID: 124452040554240: 7.31 s
TID: 124451839129344: 7.23 s
TID: 124452048946944: 7.29 s
TID: 124452124481280: 7.48 s
TID: 124451830736640: 7.35 s
TID: 124451981805312: 7.41 s
TID: 124451914663680: 7.38 s
TID: 124452191622912: 7.54 s
TID: 124451939841792: 7.47 s
TID: 124452006983424: 7.45 s
TID: 124451897878272: 7.45 s
TID: 124452032161536: 7.55 s
TID: 124451855914752: 7.45 s
TID: 124452116088576: 7.58 s
TID: 124452149659392: 7.45 s
TID: 124451864307456: 7.51 s
TID: 124451973412608: 7.53 s
TID: 124451872700160: 7.41 s
TID: 124451956627200: 7.57 s
TID: 124451889485568: 7.48 s
TID: 124451906270976: 7.51 s
TID: 124451847522048: 7.49 s
TID: 124452132873984: 7.69 s
TID: 124452166444800: 7.66 s
TID: 124451923056384: 7.46 s
TID: 124452200015616: 7.61 s
TID: 124452065732352: 7.60 s
TID: 124452099303168: 7.58 s
TID: 124452107695872: 7.65 s
TID: 124451822343936: 7.51 s
TID: 124452225193728: 7.70 s
TID: 124451990198016: 7.58 s
TID: 124452208408320: 7.55 s
TID: 124451931449088: 7.55 s
TID: 124452309120768: 7.90 s
TID: 124451965019904: 7.67 s
TID: 124452082517760: 7.73 s
TID: 124451998590720: 7.68 s
TID: 124452057339648: 7.66 s
TID: 124452141266688: 7.56 s
TID: 124452174837504: 7.79 s
TID: 124452023768832: 7.73 s

=== RESULTADOS ===
Valor de π calculado: 3.141592653
Valor real de π:      3.141592654
Total Processo (Paralelo): 8.04 s
Total Threads: 470.72 s
Speedup: 58.52x
Eficiência: 91.44%
----------------------------------------

=== RESUMO ===
Melhor configuração: 2 threads (5.17s)
Speedup máximo: 1.00x
